build/app/intermediates/manifest_merge_blame_file/release/processReleaseMainManifest/manifest-merger-blame-release-report.txt
1<?xml version="1.0" encoding="utf-8"?>
2<manifest xmlns:android="http://schemas.android.com/apk/res/android"
3    package="com.gmr.hostel_management"
4    android:versionCode="1"
5    android:versionName="1.0.0" >
6
7    <uses-sdk
8        android:minSdkVersion="24"
9        android:targetSdkVersion="36" />
10
11    <uses-permission android:name="android.permission.INTERNET" />
11-->src\main\AndroidManifest.xml:2:5-66
11-->src\main\AndroidManifest.xml:2:22-64
12    <uses-permission android:name="android.permission.POST_NOTIFICATIONS" />
12-->src\main\AndroidManifest.xml:3:5-76
12-->src\main\AndroidManifest.xml:3:22-74
13    <uses-permission android:name="android.permission.RECEIVE_BOOT_COMPLETED" />
13-->src\main\AndroidManifest.xml:4:5-80
13-->src\main\AndroidManifest.xml:4:22-78
14    <uses-permission android:name="android.permission.VIBRATE" />
14-->src\main\AndroidManifest.xml:5:5-65
14-->src\main\AndroidManifest.xml:5:22-63
15
16    <queries>
16-->src\main\AndroidManifest.xml:40:5-45:15
17        <intent>
17-->src\main\AndroidManifest.xml:41:9-44:18
18            <action android:name="android.intent.action.PROCESS_TEXT" />
18-->src\main\AndroidManifest.xml:42:13-72
18-->src\main\AndroidManifest.xml:42:21-70
19
20            <data android:mimeType="text/plain" />
20-->src\main\AndroidManifest.xml:43:13-50
20-->src\main\AndroidManifest.xml:43:19-48
21        </intent>
22    </queries>
23
24    <permission
24-->[androidx.core:core:1.18.0] AndroidManifest.xml:22:5-24:47
25        android:name="com.gmr.hostel_management.DYNAMIC_RECEIVER_NOT_EXPORTED_PERMISSION"
25-->[androidx.core:core:1.18.0] AndroidManifest.xml:23:9-81
26        android:protectionLevel="signature" />
26-->[androidx.core:core:1.18.0] AndroidManifest.xml:24:9-44
27
28    <uses-permission android:name="com.gmr.hostel_management.DYNAMIC_RECEIVER_NOT_EXPORTED_PERMISSION" />
28-->[androidx.core:core:1.18.0] AndroidManifest.xml:26:5-97
28-->[androidx.core:core:1.18.0] AndroidManifest.xml:26:22-94
29
30    <application
31        android:name="android.app.Application"
31-->src\main\AndroidManifest.xml:8:9-42
32        android:appComponentFactory="androidx.core.app.CoreComponentFactory"
32-->[androidx.core:core:1.18.0] AndroidManifest.xml:28:18-86
33        android:extractNativeLibs="false"
34        android:icon="@mipmap/ic_launcher"
34-->src\main\AndroidManifest.xml:9:9-43
35        android:label="hostel_management" >
35-->src\main\AndroidManifest.xml:7:9-42
36        <activity
36-->src\main\AndroidManifest.xml:10:9-27:20
37            android:name="com.gmr.hostel_management.MainActivity"
37-->src\main\AndroidManifest.xml:11:13-41
38            android:configChanges="orientation|keyboardHidden|keyboard|screenSize|smallestScreenSize|locale|layoutDirection|fontScale|screenLayout|density|uiMode"
38-->src\main\AndroidManifest.xml:16:13-163
39            android:exported="true"
39-->src\main\AndroidManifest.xml:12:13-36
40            android:hardwareAccelerated="true"
40-->src\main\AndroidManifest.xml:17:13-47
41            android:launchMode="singleTop"
41-->src\main\AndroidManifest.xml:13:13-43
42            android:taskAffinity=""
42-->src\main\AndroidManifest.xml:14:13-36
43            android:theme="@style/LaunchTheme"
43-->src\main\AndroidManifest.xml:15:13-47
44            android:windowSoftInputMode="adjustResize" >
44-->src\main\AndroidManifest.xml:18:13-55
45            <meta-data
45-->src\main\AndroidManifest.xml:19:13-22:17
46                android:name="io.flutter.embedding.android.NormalTheme"
46-->src\main\AndroidManifest.xml:20:15-70
47                android:resource="@style/NormalTheme" />
47-->src\main\AndroidManifest.xml:21:15-52
48
49            <intent-filter>
49-->src\main\AndroidManifest.xml:23:13-26:29
50                <action android:name="android.intent.action.MAIN" />
50-->src\main\AndroidManifest.xml:24:17-68
50-->src\main\AndroidManifest.xml:24:25-66
51
52                <category android:name="android.intent.category.LAUNCHER" />
52-->src\main\AndroidManifest.xml:25:17-76
52-->src\main\AndroidManifest.xml:25:27-74
53            </intent-filter>
54        </activity>
55
56        <meta-data
56-->src\main\AndroidManifest.xml:28:9-30:33
57            android:name="flutterEmbedding"
57-->src\main\AndroidManifest.xml:29:13-44
58            android:value="2" />
58-->src\main\AndroidManifest.xml:30:13-30
59        <!-- Notification receiver for scheduled alerts -->
60        <receiver
60-->src\main\AndroidManifest.xml:32:9-131
61            android:name="com.dexterous.flutterlocalnotifications.ScheduledNotificationReceiver"
61-->src\main\AndroidManifest.xml:32:44-128
62            android:exported="false" />
62-->src\main\AndroidManifest.xml:32:19-43
63        <receiver
63-->src\main\AndroidManifest.xml:33:9-38:20
64            android:name="com.dexterous.flutterlocalnotifications.ScheduledNotificationBootReceiver"
64-->src\main\AndroidManifest.xml:33:44-132
65            android:exported="false" >
65-->src\main\AndroidManifest.xml:33:19-43
66            <intent-filter>
66-->src\main\AndroidManifest.xml:34:13-37:29
67                <action android:name="android.intent.action.BOOT_COMPLETED" />
67-->src\main\AndroidManifest.xml:35:17-78
67-->src\main\AndroidManifest.xml:35:25-76
68                <action android:name="android.intent.action.MY_PACKAGE_REPLACED" />
68-->src\main\AndroidManifest.xml:36:17-83
68-->src\main\AndroidManifest.xml:36:25-81
69            </intent-filter>
70        </receiver>
71
72        <provider
72-->[:image_picker_android] AndroidManifest.xml:9:9-17:20
73            android:name="io.flutter.plugins.imagepicker.ImagePickerFileProvider"
73-->[:image_picker_android] AndroidManifest.xml:10:13-82
74            android:authorities="com.gmr.hostel_management.flutter.image_provider"
74-->[:image_picker_android] AndroidManifest.xml:11:13-74
75            android:exported="false"
75-->[:image_picker_android] AndroidManifest.xml:12:13-37
76            android:grantUriPermissions="true" >
76-->[:image_picker_android] AndroidManifest.xml:13:13-47
77            <meta-data
77-->[:image_picker_android] AndroidManifest.xml:14:13-16:75
78                android:name="android.support.FILE_PROVIDER_PATHS"
78-->[:image_picker_android] AndroidManifest.xml:15:17-67
79                android:resource="@xml/flutter_image_picker_file_paths" />
79-->[:image_picker_android] AndroidManifest.xml:16:17-72
80        </provider> <!-- Trigger Google Play services to install the backported photo picker module. -->
81        <service
81-->[:image_picker_android] AndroidManifest.xml:19:9-31:19
82            android:name="com.google.android.gms.metadata.ModuleDependencies"
82-->[:image_picker_android] AndroidManifest.xml:20:13-78
83            android:enabled="false"
83-->[:image_picker_android] AndroidManifest.xml:21:13-36
84            android:exported="false" >
84-->[:image_picker_android] AndroidManifest.xml:22:13-37
85            <intent-filter>
85-->[:image_picker_android] AndroidManifest.xml:24:13-26:29
86                <action android:name="com.google.android.gms.metadata.MODULE_DEPENDENCIES" />
86-->[:image_picker_android] AndroidManifest.xml:25:17-94
86-->[:image_picker_android] AndroidManifest.xml:25:25-91
87            </intent-filter>
88
89            <meta-data
89-->[:image_picker_android] AndroidManifest.xml:28:13-30:36
90                android:name="photopicker_activity:0:required"
90-->[:image_picker_android] AndroidManifest.xml:29:17-63
91                android:value="" />
91-->[:image_picker_android] AndroidManifest.xml:30:17-33
92        </service>
93
94        <activity
94-->[:url_launcher_android] AndroidManifest.xml:8:9-11:74
95            android:name="io.flutter.plugins.urllauncher.WebViewActivity"
95-->[:url_launcher_android] AndroidManifest.xml:9:13-74
96            android:exported="false"
96-->[:url_launcher_android] AndroidManifest.xml:10:13-37
97            android:theme="@android:style/Theme.NoTitleBar.Fullscreen" />
97-->[:url_launcher_android] AndroidManifest.xml:11:13-71
98
99        <provider
99-->[:printing] AndroidManifest.xml:8:9-16:20
100            android:name="net.nfet.flutter.printing.PrintFileProvider"
100-->[:printing] AndroidManifest.xml:9:13-71
101            android:authorities="com.gmr.hostel_management.flutter.printing"
101-->[:printing] AndroidManifest.xml:10:13-68
102            android:exported="false"
102-->[:printing] AndroidManifest.xml:11:13-37
103            android:grantUriPermissions="true" >
103-->[:printing] AndroidManifest.xml:12:13-47
104            <meta-data
104-->[:image_picker_android] AndroidManifest.xml:14:13-16:75
105                android:name="android.support.FILE_PROVIDER_PATHS"
105-->[:image_picker_android] AndroidManifest.xml:15:17-67
106                android:resource="@xml/flutter_printing_file_paths" />
106-->[:image_picker_android] AndroidManifest.xml:16:17-72
107        </provider>
108
109        <uses-library
109-->[androidx.window:window:1.2.0] AndroidManifest.xml:23:9-25:40
110            android:name="androidx.window.extensions"
110-->[androidx.window:window:1.2.0] AndroidManifest.xml:24:13-54
111            android:required="false" />
111-->[androidx.window:window:1.2.0] AndroidManifest.xml:25:13-37
112        <uses-library
112-->[androidx.window:window:1.2.0] AndroidManifest.xml:26:9-28:40
113            android:name="androidx.window.sidecar"
113-->[androidx.window:window:1.2.0] AndroidManifest.xml:27:13-51
114            android:required="false" />
114-->[androidx.window:window:1.2.0] AndroidManifest.xml:28:13-37
115
116        <provider
116-->[androidx.lifecycle:lifecycle-process:2.7.0] AndroidManifest.xml:24:9-32:20
117            android:name="androidx.startup.InitializationProvider"
117-->[androidx.lifecycle:lifecycle-process:2.7.0] AndroidManifest.xml:25:13-67
118            android:authorities="com.gmr.hostel_management.androidx-startup"
118-->[androidx.lifecycle:lifecycle-process:2.7.0] AndroidManifest.xml:26:13-68
119            android:exported="false" >
119-->[androidx.lifecycle:lifecycle-process:2.7.0] AndroidManifest.xml:27:13-37
120            <meta-data
120-->[androidx.lifecycle:lifecycle-process:2.7.0] AndroidManifest.xml:29:13-31:52
121                android:name="androidx.lifecycle.ProcessLifecycleInitializer"
121-->[androidx.lifecycle:lifecycle-process:2.7.0] AndroidManifest.xml:30:17-78
122                android:value="androidx.startup" />
122-->[androidx.lifecycle:lifecycle-process:2.7.0] AndroidManifest.xml:31:17-49
123            <meta-data
123-->[androidx.profileinstaller:profileinstaller:1.4.0] AndroidManifest.xml:29:13-31:52
124                android:name="androidx.profileinstaller.ProfileInstallerInitializer"
124-->[androidx.profileinstaller:profileinstaller:1.4.0] AndroidManifest.xml:30:17-85
125                android:value="androidx.startup" />
125-->[androidx.profileinstaller:profileinstaller:1.4.0] AndroidManifest.xml:31:17-49
126        </provider>
127
128        <receiver
128-->[androidx.profileinstaller:profileinstaller:1.4.0] AndroidManifest.xml:34:9-52:20
129            android:name="androidx.profileinstaller.ProfileInstallReceiver"
129-->[androidx.profileinstaller:profileinstaller:1.4.0] AndroidManifest.xml:35:13-76
130            android:directBootAware="false"
130-->[androidx.profileinstaller:profileinstaller:1.4.0] AndroidManifest.xml:36:13-44
131            android:enabled="true"
131-->[androidx.profileinstaller:profileinstaller:1.4.0] AndroidManifest.xml:37:13-35
132            android:exported="true"
132-->[androidx.profileinstaller:profileinstaller:1.4.0] AndroidManifest.xml:38:13-36
133            android:permission="android.permission.DUMP" >
133-->[androidx.profileinstaller:profileinstaller:1.4.0] AndroidManifest.xml:39:13-57
134            <intent-filter>
134-->[androidx.profileinstaller:profileinstaller:1.4.0] AndroidManifest.xml:40:13-42:29
135                <action android:name="androidx.profileinstaller.action.INSTALL_PROFILE" />
135-->[androidx.profileinstaller:profileinstaller:1.4.0] AndroidManifest.xml:41:17-91
135-->[androidx.profileinstaller:profileinstaller:1.4.0] AndroidManifest.xml:41:25-88
136            </intent-filter>
137            <intent-filter>
137-->[androidx.profileinstaller:profileinstaller:1.4.0] AndroidManifest.xml:43:13-45:29
138                <action android:name="androidx.profileinstaller.action.SKIP_FILE" />
138-->[androidx.profileinstaller:profileinstaller:1.4.0] AndroidManifest.xml:44:17-85
138-->[androidx.profileinstaller:profileinstaller:1.4.0] AndroidManifest.xml:44:25-82
139            </intent-filter>
140            <intent-filter>
140-->[androidx.profileinstaller:profileinstaller:1.4.0] AndroidManifest.xml:46:13-48:29
141                <action android:name="androidx.profileinstaller.action.SAVE_PROFILE" />
141-->[androidx.profileinstaller:profileinstaller:1.4.0] AndroidManifest.xml:47:17-88
141-->[androidx.profileinstaller:profileinstaller:1.4.0] AndroidManifest.xml:47:25-85
142            </intent-filter>
143            <intent-filter>
143-->[androidx.profileinstaller:profileinstaller:1.4.0] AndroidManifest.xml:49:13-51:29
144                <action android:name="androidx.profileinstaller.action.BENCHMARK_OPERATION" />
144-->[androidx.profileinstaller:profileinstaller:1.4.0] AndroidManifest.xml:50:17-95
144-->[androidx.profileinstaller:profileinstaller:1.4.0] AndroidManifest.xml:50:25-92
145            </intent-filter>
146        </receiver>
147    </application>
148
149</manifest>